<?xml version="1.0" encoding="UTF-8"?>
<!-- Generated by org.testng.reporters.JUnitXMLReporter -->
<testsuite ignored="0" hostname="cristina" failures="0" tests="5" name="Join Scratch Test" time="20.709" errors="0" timestamp="03 Sep 2020 10:29:43 GMT">
  <testcase classname="com.scratch.JoinScratch" name="testJoinScratchUserDetails" time="3.999"/>
  <testcase classname="com.scratch.JoinScratch" name="testJoinScratchCountry" time="3.348"/>
  <testcase classname="com.scratch.JoinScratch" name="testJoinScratchDateOfBirth" time="3.381"/>
  <testcase classname="com.scratch.JoinScratch" name="testJoinScratchGender" time="3.176"/>
  <testcase classname="com.scratch.JoinScratch" name="testJoinScratchEmail" time="3.209"/>
</testsuite> <!-- Join Scratch Test -->
