<?xml version="1.0" encoding="UTF-8"?>
<testng-results ignored="1" total="1" passed="0" failed="0" skipped="0">
  <reporter-output>
  </reporter-output>
  <suite started-at="2020-09-03T13:03:17Z" name="PositiveLogInTestSuite" finished-at="2020-09-03T13:03:17Z" duration-ms="2">
    <groups>
    </groups>
    <test started-at="2020-09-03T13:03:17Z" name="PositiveLogInTest" finished-at="2020-09-03T13:03:17Z" duration-ms="2">
    </test> <!-- PositiveLogInTest -->
  </suite> <!-- PositiveLogInTestSuite -->
</testng-results>
