<?xml version="1.0" encoding="UTF-8"?>
<testng-results ignored="0" total="13" passed="13" failed="0" skipped="0">
  <reporter-output>
  </reporter-output>
  <suite started-at="2020-09-03T13:09:11Z" name="Smoke Suite" finished-at="2020-09-03T13:10:00Z" duration-ms="48307">
    <groups>
    </groups>
    <test started-at="2020-09-03T13:09:11Z" name="AboutPage Test" finished-at="2020-09-03T13:09:23Z" duration-ms="11235">
      <class name="com.pageObjectModel.testClases.AboutTest">
        <test-method signature="aboutTest()[pri:1, instance:com.pageObjectModel.testClases.AboutTest@1d371b2d]" started-at="2020-09-03T13:09:11Z" name="aboutTest" finished-at="2020-09-03T13:09:20Z" duration-ms="8520" status="PASS">
          <reporter-output>
          </reporter-output>
        </test-method> <!-- aboutTest -->
        <test-method signature="aboutTestTitle()[pri:2, instance:com.pageObjectModel.testClases.AboutTest@1d371b2d]" started-at="2020-09-03T13:09:20Z" name="aboutTestTitle" finished-at="2020-09-03T13:09:23Z" duration-ms="2715" status="PASS">
          <reporter-output>
          </reporter-output>
        </test-method> <!-- aboutTestTitle -->
        <test-method is-config="true" signature="quitDriver()[pri:0, instance:com.pageObjectModel.testClases.AboutTest@1d371b2d]" started-at="2020-09-03T13:09:23Z" name="quitDriver" finished-at="2020-09-03T13:09:23Z" duration-ms="0" status="PASS">
          <reporter-output>
          </reporter-output>
        </test-method> <!-- quitDriver -->
      </class> <!-- com.pageObjectModel.testClases.AboutTest -->
    </test> <!-- AboutPage Test -->
    <test started-at="2020-09-03T13:09:23Z" name="Footer Test" finished-at="2020-09-03T13:09:27Z" duration-ms="4036">
      <class name="com.pageObjectModel.testClases.FooterTest">
        <test-method signature="isFooterDisplayed()[pri:0, instance:com.pageObjectModel.testClases.FooterTest@47db50c5]" started-at="2020-09-03T13:09:23Z" name="isFooterDisplayed" finished-at="2020-09-03T13:09:27Z" duration-ms="4036" status="PASS">
          <reporter-output>
          </reporter-output>
        </test-method> <!-- isFooterDisplayed -->
      </class> <!-- com.pageObjectModel.testClases.FooterTest -->
    </test> <!-- Footer Test -->
    <test started-at="2020-09-03T13:09:27Z" name="Navbar Test" finished-at="2020-09-03T13:09:32Z" duration-ms="4786">
      <class name="com.pageObjectModel.testClases.NavbarTest">
        <test-method signature="isNavbarDisplayed()[pri:0, instance:com.pageObjectModel.testClases.NavbarTest@78186a70]" started-at="2020-09-03T13:09:27Z" name="isNavbarDisplayed" finished-at="2020-09-03T13:09:32Z" duration-ms="4785" status="PASS">
          <reporter-output>
          </reporter-output>
        </test-method> <!-- isNavbarDisplayed -->
      </class> <!-- com.pageObjectModel.testClases.NavbarTest -->
    </test> <!-- Navbar Test -->
    <test started-at="2020-09-03T13:09:32Z" name="Recommended Projects" finished-at="2020-09-03T13:09:39Z" duration-ms="7773">
      <class name="com.scratch.ExtractDynamicElements">
        <test-method is-config="true" signature="beforeExtractSpecificElements()[pri:0, instance:com.scratch.ExtractDynamicElements@319b92f3]" started-at="2020-09-03T13:09:32Z" name="beforeExtractSpecificElements" finished-at="2020-09-03T13:09:38Z" duration-ms="6764" status="PASS">
          <reporter-output>
          </reporter-output>
        </test-method> <!-- beforeExtractSpecificElements -->
        <test-method signature="getElements()[pri:0, instance:com.scratch.ExtractDynamicElements@319b92f3]" started-at="2020-09-03T13:09:38Z" name="getElements" finished-at="2020-09-03T13:09:39Z" duration-ms="278" status="PASS">
          <reporter-output>
          </reporter-output>
        </test-method> <!-- getElements -->
        <test-method is-config="true" signature="afterExtractSpecificElements()[pri:0, instance:com.scratch.ExtractDynamicElements@319b92f3]" started-at="2020-09-03T13:09:39Z" name="afterExtractSpecificElements" finished-at="2020-09-03T13:09:39Z" duration-ms="731" status="PASS">
          <reporter-output>
          </reporter-output>
        </test-method> <!-- afterExtractSpecificElements -->
      </class> <!-- com.scratch.ExtractDynamicElements -->
    </test> <!-- Recommended Projects -->
    <test started-at="2020-09-03T13:09:39Z" name="Create Project" finished-at="2020-09-03T13:09:50Z" duration-ms="10689">
      <class name="com.scratch.CreateProject">
        <test-method is-config="true" signature="beforeCreateProject()[pri:0, instance:com.scratch.CreateProject@545b995e]" started-at="2020-09-03T13:09:39Z" name="beforeCreateProject" finished-at="2020-09-03T13:09:43Z" duration-ms="3931" status="PASS">
          <reporter-output>
          </reporter-output>
        </test-method> <!-- beforeCreateProject -->
        <test-method signature="testCreateProject()[pri:0, instance:com.scratch.CreateProject@545b995e]" started-at="2020-09-03T13:09:43Z" name="testCreateProject" finished-at="2020-09-03T13:09:49Z" duration-ms="6096" status="PASS">
          <reporter-output>
          </reporter-output>
        </test-method> <!-- testCreateProject -->
        <test-method is-config="true" signature="afterCreateProject()[pri:0, instance:com.scratch.CreateProject@545b995e]" started-at="2020-09-03T13:09:49Z" name="afterCreateProject" finished-at="2020-09-03T13:09:50Z" duration-ms="661" status="PASS">
          <reporter-output>
          </reporter-output>
        </test-method> <!-- afterCreateProject -->
      </class> <!-- com.scratch.CreateProject -->
    </test> <!-- Create Project -->
    <test started-at="2020-09-03T13:09:50Z" name="Watch Video" finished-at="2020-09-03T13:10:00Z" duration-ms="9768">
      <class name="com.scratch.WatchVideo">
        <test-method is-config="true" signature="beforeWatchVideo()[pri:0, instance:com.scratch.WatchVideo@6ee6f53]" started-at="2020-09-03T13:09:50Z" name="beforeWatchVideo" finished-at="2020-09-03T13:09:53Z" duration-ms="3000" status="PASS">
          <reporter-output>
          </reporter-output>
        </test-method> <!-- beforeWatchVideo -->
        <test-method signature="testWatchVideo()[pri:0, instance:com.scratch.WatchVideo@6ee6f53]" started-at="2020-09-03T13:09:53Z" name="testWatchVideo" finished-at="2020-09-03T13:09:59Z" duration-ms="6107" status="PASS">
          <reporter-output>
          </reporter-output>
        </test-method> <!-- testWatchVideo -->
        <test-method is-config="true" signature="afterWatchVideo()[pri:0, instance:com.scratch.WatchVideo@6ee6f53]" started-at="2020-09-03T13:09:59Z" name="afterWatchVideo" finished-at="2020-09-03T13:10:00Z" duration-ms="658" status="PASS">
          <reporter-output>
          </reporter-output>
        </test-method> <!-- afterWatchVideo -->
      </class> <!-- com.scratch.WatchVideo -->
    </test> <!-- Watch Video -->
  </suite> <!-- Smoke Suite -->
  <suite started-at="2020-09-03T13:08:38Z" name="Join Scratch Suite" finished-at="2020-09-03T13:09:01Z" duration-ms="22163">
    <groups>
    </groups>
    <test started-at="2020-09-03T13:08:38Z" name="Join Scratch Test" finished-at="2020-09-03T13:09:01Z" duration-ms="22163">
      <class name="com.scratch.JoinScratch">
        <test-method is-config="true" signature="beforeJoinScratch()[pri:0, instance:com.scratch.JoinScratch@9ef8eb7]" started-at="2020-09-03T13:08:38Z" name="beforeJoinScratch" finished-at="2020-09-03T13:08:42Z" duration-ms="3957" status="PASS">
          <reporter-output>
          </reporter-output>
        </test-method> <!-- beforeJoinScratch -->
        <test-method signature="testJoinScratchUserDetails()[pri:0, instance:com.scratch.JoinScratch@9ef8eb7]" started-at="2020-09-03T13:08:42Z" name="testJoinScratchUserDetails" finished-at="2020-09-03T13:08:47Z" duration-ms="4382" status="PASS">
          <reporter-output>
          </reporter-output>
        </test-method> <!-- testJoinScratchUserDetails -->
        <test-method signature="testJoinScratchCountry()[pri:1, instance:com.scratch.JoinScratch@9ef8eb7]" started-at="2020-09-03T13:08:47Z" name="testJoinScratchCountry" finished-at="2020-09-03T13:08:50Z" depends-on-methods="com.scratch.JoinScratch.testJoinScratchUserDetails" duration-ms="3404" status="PASS">
          <reporter-output>
          </reporter-output>
        </test-method> <!-- testJoinScratchCountry -->
        <test-method signature="testJoinScratchDateOfBirth()[pri:2, instance:com.scratch.JoinScratch@9ef8eb7]" started-at="2020-09-03T13:08:50Z" name="testJoinScratchDateOfBirth" finished-at="2020-09-03T13:08:53Z" depends-on-methods="com.scratch.JoinScratch.testJoinScratchCountry" duration-ms="3369" status="PASS">
          <reporter-output>
          </reporter-output>
        </test-method> <!-- testJoinScratchDateOfBirth -->
        <test-method signature="testJoinScratchGender()[pri:3, instance:com.scratch.JoinScratch@9ef8eb7]" started-at="2020-09-03T13:08:53Z" name="testJoinScratchGender" finished-at="2020-09-03T13:08:57Z" depends-on-methods="com.scratch.JoinScratch.testJoinScratchDateOfBirth" duration-ms="3164" status="PASS">
          <reporter-output>
          </reporter-output>
        </test-method> <!-- testJoinScratchGender -->
        <test-method signature="testJoinScratchEmail()[pri:4, instance:com.scratch.JoinScratch@9ef8eb7]" started-at="2020-09-03T13:08:57Z" name="testJoinScratchEmail" finished-at="2020-09-03T13:09:00Z" depends-on-methods="com.scratch.JoinScratch.testJoinScratchGender" duration-ms="3203" status="PASS">
          <reporter-output>
          </reporter-output>
        </test-method> <!-- testJoinScratchEmail -->
        <test-method is-config="true" signature="afterJoinScratch()[pri:0, instance:com.scratch.JoinScratch@9ef8eb7]" started-at="2020-09-03T13:09:00Z" name="afterJoinScratch" finished-at="2020-09-03T13:09:01Z" duration-ms="666" status="PASS">
          <reporter-output>
          </reporter-output>
        </test-method> <!-- afterJoinScratch -->
      </class> <!-- com.scratch.JoinScratch -->
    </test> <!-- Join Scratch Test -->
  </suite> <!-- Join Scratch Suite -->
  <suite started-at="2020-09-03T13:09:01Z" name="Sign In Suite" finished-at="2020-09-03T13:09:11Z" duration-ms="10914">
    <groups>
    </groups>
    <test started-at="2020-09-03T13:09:01Z" name="D:/IdeaProjects/testAuto2/src/main/java/com/pageObjectModel/testClases/SigninTest.java" finished-at="2020-09-03T13:09:11Z" duration-ms="10914">
      <class name="com.pageObjectModel.testClases.SigninTest">
        <test-method signature="signinTest()[pri:0, instance:com.pageObjectModel.testClases.SigninTest@5b619d14]" started-at="2020-09-03T13:09:01Z" name="signinTest" finished-at="2020-09-03T13:09:11Z" duration-ms="10913" status="PASS">
          <reporter-output>
          </reporter-output>
        </test-method> <!-- signinTest -->
      </class> <!-- com.pageObjectModel.testClases.SigninTest -->
    </test> <!-- D:/IdeaProjects/testAuto2/src/main/java/com/pageObjectModel/testClases/SigninTest.java -->
  </suite> <!-- Sign In Suite -->
</testng-results>
