<?xml version="1.0" encoding="UTF-8"?>
<!-- Generated by org.testng.reporters.JUnitXMLReporter -->
<testsuite ignored="0" hostname="cristina" failures="0" tests="5" name="Join Scratch Test" time="21.078" errors="0" timestamp="03 Sep 2020 12:15:20 GMT">
  <testcase classname="com.scratch.JoinScratch" name="testJoinScratchUserDetails" time="4.249"/>
  <testcase classname="com.scratch.JoinScratch" name="testJoinScratchCountry" time="3.323"/>
  <testcase classname="com.scratch.JoinScratch" name="testJoinScratchDateOfBirth" time="3.39"/>
  <testcase classname="com.scratch.JoinScratch" name="testJoinScratchGender" time="3.166"/>
  <testcase classname="com.scratch.JoinScratch" name="testJoinScratchEmail" time="3.231"/>
</testsuite> <!-- Join Scratch Test -->
