<?xml version="1.0" encoding="UTF-8"?>
<!-- Generated by org.testng.reporters.JUnitXMLReporter -->
<testsuite ignored="0" hostname="cristina" failures="0" tests="5" name="Join Scratch Test" time="22.163" errors="0" timestamp="03 Sep 2020 13:09:01 GMT">
  <testcase classname="com.scratch.JoinScratch" name="testJoinScratchUserDetails" time="4.382"/>
  <testcase classname="com.scratch.JoinScratch" name="testJoinScratchCountry" time="3.404"/>
  <testcase classname="com.scratch.JoinScratch" name="testJoinScratchDateOfBirth" time="3.369"/>
  <testcase classname="com.scratch.JoinScratch" name="testJoinScratchGender" time="3.164"/>
  <testcase classname="com.scratch.JoinScratch" name="testJoinScratchEmail" time="3.203"/>
</testsuite> <!-- Join Scratch Test -->
